2022-08-07 23:29:42 INFO  LoginPageTest:28 - ******** Starting test cases execution  *********
  2022-08-07 23:29:44 INFO  BaseClass:45 - Lunching Chrome Browser....
  2022-08-07 23:29:45 INFO  BaseClass:62 - Maximizing Browser....
  2022-08-07 23:29:47 INFO  BaseClass:67 - Opening Application URL....
  2022-08-07 23:29:54 INFO  LoginPageTest:62 - browser is closed
  2022-08-07 23:34:50 INFO  LoginPageTest:28 - ******** Starting test cases execution  *********
  2022-08-07 23:34:53 INFO  BaseClass:49 - Lunching Chrome Browser....
  2022-08-07 23:34:53 INFO  BaseClass:66 - Maximizing Browser....
  2022-08-07 23:34:56 INFO  BaseClass:71 - Opening Application URL....
  2022-08-07 23:35:24 INFO  LoginPageTest:28 - ******** Starting test cases execution  *********
  2022-08-07 23:35:27 INFO  BaseClass:49 - Lunching Chrome Browser....
  2022-08-07 23:35:27 INFO  BaseClass:66 - Maximizing Browser....
  2022-08-07 23:35:30 INFO  BaseClass:71 - Opening Application URL....
  2022-08-07 23:35:43 INFO  LoginPageTest:62 - browser is closed
  2022-08-07 23:36:29 INFO  LoginPageTest:62 - browser is closed
  2022-08-07 23:45:39 INFO  HomePageTest:25 - ****** Starting test cases execution  *******
  2022-08-07 23:45:42 INFO  BaseClass:49 - Lunching Chrome Browser....
  2022-08-07 23:45:42 INFO  BaseClass:66 - Maximizing Browser....
  2022-08-07 23:45:46 INFO  BaseClass:71 - Opening Application URL....
  2022-08-07 23:46:07 INFO  BaseClass:49 - Lunching Chrome Browser....
  2022-08-07 23:46:08 INFO  BaseClass:66 - Maximizing Browser....
  2022-08-07 23:46:10 INFO  BaseClass:71 - Opening Application URL....
  2022-08-07 23:46:15 INFO  BaseClass:24 - ******** Starting test cases execution  *********
  2022-08-07 23:46:16 INFO  BaseClass:49 - Lunching Chrome Browser....
  2022-08-07 23:46:16 INFO  BaseClass:66 - Maximizing Browser....
  2022-08-07 23:46:19 INFO  BaseClass:71 - Opening Application URL....
  2022-08-07 23:46:19 INFO  BaseClass:24 - ******** Starting test cases execution  *********
  2022-08-07 23:46:19 INFO  BaseClass:49 - Lunching Chrome Browser....
  2022-08-07 23:46:19 INFO  BaseClass:66 - Maximizing Browser....
  2022-08-07 23:46:22 INFO  BaseClass:71 - Opening Application URL....
  2022-08-07 23:46:45 INFO  LoginPageTest:28 - ******** Starting test cases execution  *********
  2022-08-07 23:46:46 INFO  BaseClass:49 - Lunching Chrome Browser....
  2022-08-07 23:46:46 INFO  BaseClass:66 - Maximizing Browser....
  2022-08-07 23:46:49 INFO  BaseClass:71 - Opening Application URL....
  2022-08-07 23:47:10 INFO  LoginPageTest:62 - browser is closed
  2022-08-07 23:47:10 INFO  LoginPageTest:28 - ******** Starting test cases execution  *********
  2022-08-07 23:47:10 INFO  BaseClass:49 - Lunching Chrome Browser....
  2022-08-07 23:47:11 INFO  BaseClass:66 - Maximizing Browser....
  2022-08-07 23:47:13 INFO  BaseClass:71 - Opening Application URL....
  2022-08-07 23:47:35 INFO  LoginPageTest:62 - browser is closed
  2022-08-07 23:47:35 INFO  LoginPageTest:28 - ******** Starting test cases execution  *********
  2022-08-07 23:47:36 INFO  BaseClass:49 - Lunching Chrome Browser....
  2022-08-07 23:47:36 INFO  BaseClass:66 - Maximizing Browser....
  2022-08-07 23:47:39 INFO  BaseClass:71 - Opening Application URL....
  2022-08-08 11:13:20 INFO  LoginPageTest:28 - ******** Starting test cases execution  *********
  2022-08-08 11:13:23 INFO  BaseClass:49 - Lunching Chrome Browser....
  2022-08-08 11:13:23 INFO  BaseClass:66 - Maximizing Browser....
  2022-08-08 11:13:26 INFO  BaseClass:71 - Opening Application URL....
  2022-08-08 11:13:27 INFO  LoginPageTest:62 - browser is closed
  2022-08-08 11:13:46 INFO  LoginPageTest:28 - ******** Starting test cases execution  *********
  2022-08-08 11:13:48 INFO  BaseClass:49 - Lunching Chrome Browser....
  2022-08-08 11:13:49 INFO  BaseClass:66 - Maximizing Browser....
  2022-08-08 11:13:51 INFO  BaseClass:71 - Opening Application URL....
  2022-08-08 11:13:53 INFO  LoginPageTest:43 - login successful with username and Password
  2022-08-08 11:13:53 INFO  LoginPageTest:62 - browser is closed
  2022-08-08 11:14:15 INFO  LoginPageTest:28 - ******** Starting test cases execution  *********
  2022-08-08 11:14:18 INFO  BaseClass:49 - Lunching Chrome Browser....
  2022-08-08 11:14:18 INFO  BaseClass:66 - Maximizing Browser....
  2022-08-08 11:14:21 INFO  BaseClass:71 - Opening Application URL....
  2022-08-08 11:14:25 INFO  LoginPageTest:56 - login successful with username: purabirout444@gmail.com
  2022-08-08 11:14:25 INFO  LoginPageTest:62 - browser is closed
  2022-08-08 11:14:25 INFO  LoginPageTest:28 - ******** Starting test cases execution  *********
  2022-08-08 11:14:26 INFO  BaseClass:49 - Lunching Chrome Browser....
  2022-08-08 11:14:26 INFO  BaseClass:66 - Maximizing Browser....
  2022-08-08 11:14:29 INFO  BaseClass:71 - Opening Application URL....
  2022-08-08 11:14:34 INFO  LoginPageTest:56 - login successful with username: purabirout@1996gmail.com
  2022-08-08 11:14:34 INFO  LoginPageTest:62 - browser is closed
  2022-08-08 11:14:34 INFO  LoginPageTest:28 - ******** Starting test cases execution  *********
  2022-08-08 11:14:35 INFO  BaseClass:49 - Lunching Chrome Browser....
  2022-08-08 11:14:35 INFO  BaseClass:66 - Maximizing Browser....
  2022-08-08 11:14:38 INFO  BaseClass:71 - Opening Application URL....
  2022-08-08 11:14:43 INFO  LoginPageTest:56 - login successful with username: purvi@1451gmail.com
  2022-08-08 11:14:43 INFO  LoginPageTest:62 - browser is closed
  2022-08-08 11:15:41 INFO  HomePageTest:25 - ****** Starting test cases execution  *******
  2022-08-08 11:15:44 INFO  BaseClass:49 - Lunching Chrome Browser....
  2022-08-08 11:15:44 INFO  BaseClass:66 - Maximizing Browser....
  2022-08-08 11:15:49 INFO  BaseClass:71 - Opening Application URL....
  2022-08-08 11:15:51 INFO  HomePageTest:29 - ************Login the Application**********************
  2022-08-08 11:15:51 INFO  HomePageTest:30 - Open Home Page
  2022-08-08 11:15:51 INFO  HomePageTest:35 - ****** starting test case ******
  2022-08-08 11:15:51 INFO  HomePageTest:36 - ******* HomePageTitleTest ******
  2022-08-08 11:15:51 INFO  HomePageTest:37 - Opening Home Page
  2022-08-08 11:15:51 INFO  HomePageTest:57 - browser is closed
  2022-08-08 11:16:28 INFO  HomePageTest:25 - ****** Starting test cases execution  *******
  2022-08-08 11:16:30 INFO  BaseClass:49 - Lunching Chrome Browser....
  2022-08-08 11:16:30 INFO  BaseClass:66 - Maximizing Browser....
  2022-08-08 11:16:33 INFO  BaseClass:71 - Opening Application URL....
  2022-08-08 11:16:35 INFO  HomePageTest:29 - ************Login the Application**********************
  2022-08-08 11:16:35 INFO  HomePageTest:30 - Open Home Page
  2022-08-08 11:16:35 INFO  HomePageTest:35 - ****** starting test case ******
  2022-08-08 11:16:35 INFO  HomePageTest:36 - ******* HomePageTitleTest ******
  2022-08-08 11:16:35 INFO  HomePageTest:37 - Opening Home Page
  2022-08-08 11:16:37 INFO  HomePageTest:41 - Title Verified Successfully.....
  2022-08-08 11:16:37 INFO  HomePageTest:42 - ****** ending test case ******
  2022-08-08 11:16:37 INFO  HomePageTest:57 - browser is closed
  2022-08-08 11:16:50 INFO  HomePageTest:25 - ****** Starting test cases execution  *******
  2022-08-08 11:16:53 INFO  BaseClass:49 - Lunching Chrome Browser....
  2022-08-08 11:16:53 INFO  BaseClass:66 - Maximizing Browser....
  2022-08-08 11:16:56 INFO  BaseClass:71 - Opening Application URL....
  2022-08-08 11:16:58 INFO  HomePageTest:29 - ************Login the Application**********************
  2022-08-08 11:16:58 INFO  HomePageTest:30 - Open Home Page
  2022-08-08 11:16:58 INFO  HomePageTest:47 - ****** starting test case ******
  2022-08-08 11:16:58 INFO  HomePageTest:48 - ******* verifyUserNameTest ******
  2022-08-08 11:16:58 INFO  HomePageTest:50 - UserName Verified Successfully.....
  2022-08-08 11:16:58 INFO  HomePageTest:51 - ****** ending test case ******
  2022-08-08 11:16:58 INFO  HomePageTest:57 - browser is closed
  2022-08-08 11:17:18 INFO  BaseClass:24 - ******** Starting test cases execution  *********
  2022-08-08 11:17:20 INFO  BaseClass:49 - Lunching Chrome Browser....
  2022-08-08 11:17:20 INFO  BaseClass:66 - Maximizing Browser....
  2022-08-08 11:17:23 INFO  BaseClass:71 - Opening Application URL....
  2022-08-08 11:18:26 INFO  BaseClass:25 - ******** Starting test cases execution  *********
  2022-08-08 11:18:29 INFO  BaseClass:49 - Lunching Chrome Browser....
  2022-08-08 11:18:29 INFO  BaseClass:66 - Maximizing Browser....
  2022-08-08 11:18:32 INFO  BaseClass:71 - Opening Application URL....
  2022-08-08 11:18:33 INFO  BaseClass:45 - browser is closed
  2022-08-08 11:20:22 INFO  BaseClass:49 - Lunching Chrome Browser....
  2022-08-08 11:20:22 INFO  BaseClass:66 - Maximizing Browser....
  2022-08-08 11:20:24 INFO  BaseClass:71 - Opening Application URL....
  2022-08-08 11:32:24 INFO  BaseClass:24 - ******** Starting test cases execution  *********
  2022-08-08 11:32:27 INFO  BaseClass:49 - Lunching Chrome Browser....
  2022-08-08 11:32:27 INFO  BaseClass:66 - Maximizing Browser....
  2022-08-08 11:37:40 INFO  BaseClass:24 - ******** Starting test cases execution  *********
  2022-08-08 11:37:43 INFO  BaseClass:49 - Lunching Chrome Browser....
  2022-08-08 11:37:43 INFO  BaseClass:66 - Maximizing Browser....
  2022-08-08 11:37:45 INFO  BaseClass:71 - Opening Application URL....
  2022-08-08 11:38:09 INFO  BaseClass:24 - ******** Starting test cases execution  *********
  2022-08-08 11:38:12 INFO  BaseClass:49 - Lunching Chrome Browser....
  2022-08-08 11:38:12 INFO  BaseClass:66 - Maximizing Browser....
  2022-08-08 11:38:14 INFO  BaseClass:71 - Opening Application URL....
  2022-08-08 11:41:36 INFO  BaseClass:24 - ******** Starting test cases execution  *********
  2022-08-08 11:41:38 INFO  BaseClass:49 - Lunching Chrome Browser....
  2022-08-08 11:41:39 INFO  BaseClass:66 - Maximizing Browser....
  2022-08-08 11:41:42 INFO  BaseClass:71 - Opening Application URL....
  2022-08-08 11:42:13 INFO  BaseClass:24 - ******** Starting test cases execution  *********
  2022-08-08 11:42:16 INFO  BaseClass:49 - Lunching Chrome Browser....
  2022-08-08 11:42:16 INFO  BaseClass:66 - Maximizing Browser....
  2022-08-08 11:42:19 INFO  BaseClass:71 - Opening Application URL....
  2022-08-08 11:47:09 INFO  BaseClass:24 - ******** Starting test cases execution  *********
  2022-08-08 11:47:12 INFO  BaseClass:49 - Lunching Chrome Browser....
  2022-08-08 11:47:12 INFO  BaseClass:66 - Maximizing Browser....
  2022-08-08 11:47:15 INFO  BaseClass:71 - Opening Application URL....
  2022-08-08 11:47:45 INFO  BaseClass:24 - ******** Starting test cases execution  *********
  2022-08-08 11:47:48 INFO  BaseClass:49 - Lunching Chrome Browser....
  2022-08-08 11:47:48 INFO  BaseClass:66 - Maximizing Browser....
  2022-08-08 11:47:51 INFO  BaseClass:71 - Opening Application URL....
  2022-08-08 11:49:30 INFO  BaseClass:24 - ******** Starting test cases execution  *********
  2022-08-08 11:49:33 INFO  BaseClass:49 - Lunching Chrome Browser....
  2022-08-08 11:49:33 INFO  BaseClass:66 - Maximizing Browser....
  2022-08-08 11:49:37 INFO  BaseClass:71 - Opening Application URL....
  2022-08-08 11:50:08 INFO  BaseClass:24 - ******** Starting test cases execution  *********
  2022-08-08 11:50:10 INFO  BaseClass:49 - Lunching Chrome Browser....
  2022-08-08 11:50:11 INFO  BaseClass:66 - Maximizing Browser....
  2022-08-08 11:50:21 INFO  BaseClass:71 - Opening Application URL....
  2022-08-08 12:05:48 INFO  BaseClass:24 - ******** Starting test cases execution  *********
  2022-08-08 12:05:51 INFO  BaseClass:49 - Lunching Chrome Browser....
  2022-08-08 12:05:51 INFO  BaseClass:66 - Maximizing Browser....
  2022-08-08 12:06:01 INFO  BaseClass:71 - Opening Application URL....
  2022-08-08 12:06:56 INFO  BaseClass:24 - ******** Starting test cases execution  *********
  2022-08-08 12:06:58 INFO  BaseClass:49 - Lunching Chrome Browser....
  2022-08-08 12:06:59 INFO  BaseClass:66 - Maximizing Browser....
  2022-08-08 12:07:09 INFO  BaseClass:71 - Opening Application URL....
  2022-08-08 12:09:24 INFO  BaseClass:24 - ******** Starting test cases execution  *********
  2022-08-08 12:09:26 INFO  BaseClass:49 - Lunching Chrome Browser....
  2022-08-08 12:09:27 INFO  BaseClass:66 - Maximizing Browser....
  2022-08-08 12:09:38 INFO  BaseClass:71 - Opening Application URL....
  2022-08-08 12:12:38 INFO  BaseClass:24 - ******** Starting test cases execution  *********
  2022-08-08 12:12:41 INFO  BaseClass:49 - Lunching Chrome Browser....
  2022-08-08 12:12:41 INFO  BaseClass:66 - Maximizing Browser....
  2022-08-08 12:12:53 INFO  BaseClass:71 - Opening Application URL....
  2022-08-08 12:20:24 INFO  BaseClass:24 - ******** Starting test cases execution  *********
  2022-08-08 12:20:27 INFO  BaseClass:49 - Lunching Chrome Browser....
  2022-08-08 12:20:27 INFO  BaseClass:66 - Maximizing Browser....
  2022-08-08 12:20:35 INFO  BaseClass:71 - Opening Application URL....
  2022-08-08 13:13:18 INFO  BaseClass:24 - ******** Starting test cases execution  *********
  2022-08-08 13:13:21 INFO  BaseClass:49 - Lunching Chrome Browser....
  2022-08-08 13:13:21 INFO  BaseClass:66 - Maximizing Browser....
  2022-08-08 13:13:34 INFO  BaseClass:71 - Opening Application URL....
  2022-08-08 13:15:16 INFO  LoginPageTest:28 - ******** Starting test cases execution  *********
  2022-08-08 13:15:20 INFO  BaseClass:49 - Lunching Chrome Browser....
  2022-08-08 13:15:20 INFO  BaseClass:66 - Maximizing Browser....
  2022-08-08 13:16:33 INFO  LoginPageTest:28 - ******** Starting test cases execution  *********
  2022-08-08 13:16:36 INFO  BaseClass:49 - Lunching Chrome Browser....
  2022-08-08 13:16:36 INFO  BaseClass:66 - Maximizing Browser....
  2022-08-08 13:16:39 INFO  BaseClass:71 - Opening Application URL....
  2022-08-08 13:16:40 INFO  LoginPageTest:43 - login successful with username and Password
  2022-08-08 13:16:40 INFO  LoginPageTest:62 - browser is closed
  2022-08-08 13:17:09 INFO  BaseClass:24 - ******** Starting test cases execution  *********
  2022-08-08 13:17:12 INFO  BaseClass:49 - Lunching Chrome Browser....
  2022-08-08 13:17:12 INFO  BaseClass:66 - Maximizing Browser....
  2022-08-08 13:17:14 INFO  BaseClass:71 - Opening Application URL....
  2022-08-08 13:29:04 INFO  LoginPageTest:28 - ******** Starting test cases execution  *********
  2022-08-08 13:29:08 INFO  BaseClass:49 - Lunching Chrome Browser....
  2022-08-08 13:29:08 INFO  BaseClass:66 - Maximizing Browser....
  2022-08-08 13:29:11 INFO  BaseClass:71 - Opening Application URL....
  2022-08-08 13:29:12 INFO  LoginPageTest:43 - login successful with username and Password
  2022-08-08 13:29:12 INFO  LoginPageTest:62 - browser is closed
  2022-08-08 13:29:47 INFO  BaseClass:24 - ******** Starting test cases execution  *********
  2022-08-08 13:29:50 INFO  BaseClass:49 - Lunching Chrome Browser....
  2022-08-08 13:29:50 INFO  BaseClass:66 - Maximizing Browser....
  2022-08-08 13:29:52 INFO  BaseClass:71 - Opening Application URL....
  2022-08-08 13:43:24 INFO  BaseClass:24 - ******** Starting test cases execution  *********
  2022-08-08 13:43:27 INFO  BaseClass:49 - Lunching Chrome Browser....
  2022-08-08 13:43:28 INFO  BaseClass:66 - Maximizing Browser....
  2022-08-08 13:43:30 INFO  BaseClass:71 - Opening Application URL....
  2022-08-08 13:43:59 INFO  BaseClass:24 - ******** Starting test cases execution  *********
  2022-08-08 13:44:03 INFO  BaseClass:49 - Lunching Chrome Browser....
  2022-08-08 13:44:03 INFO  BaseClass:66 - Maximizing Browser....
  2022-08-08 13:44:06 INFO  BaseClass:71 - Opening Application URL....
  2022-08-08 13:45:16 INFO  BaseClass:24 - ******** Starting test cases execution  *********
  2022-08-08 13:45:20 INFO  BaseClass:49 - Lunching Chrome Browser....
  2022-08-08 13:45:20 INFO  BaseClass:66 - Maximizing Browser....
  2022-08-08 13:45:22 INFO  BaseClass:71 - Opening Application URL....
  2022-08-08 13:48:18 INFO  BaseClass:24 - ******** Starting test cases execution  *********
  2022-08-08 13:48:21 INFO  BaseClass:49 - Lunching Chrome Browser....
  2022-08-08 13:48:21 INFO  BaseClass:66 - Maximizing Browser....
  2022-08-08 13:48:23 INFO  BaseClass:71 - Opening Application URL....
  2022-08-08 13:51:58 INFO  BaseClass:24 - ******** Starting test cases execution  *********
  2022-08-08 13:52:01 INFO  BaseClass:49 - Lunching Chrome Browser....
  2022-08-08 13:52:01 INFO  BaseClass:66 - Maximizing Browser....
  2022-08-08 13:52:03 INFO  BaseClass:71 - Opening Application URL....
  2022-08-08 13:53:37 INFO  HomePageTest:25 - ****** Starting test cases execution  *******
  2022-08-08 13:53:40 INFO  BaseClass:49 - Lunching Chrome Browser....
  2022-08-08 13:53:41 INFO  BaseClass:66 - Maximizing Browser....
  2022-08-08 13:53:43 INFO  BaseClass:71 - Opening Application URL....
  2022-08-08 13:53:44 INFO  HomePageTest:29 - ************Login the Application**********************
  2022-08-08 13:53:44 INFO  HomePageTest:30 - Open Home Page
  2022-08-08 13:53:44 INFO  HomePageTest:35 - ****** starting test case ******
  2022-08-08 13:53:44 INFO  HomePageTest:36 - ******* HomePageTitleTest ******
  2022-08-08 13:53:44 INFO  HomePageTest:37 - Opening Home Page
  2022-08-08 13:53:46 INFO  HomePageTest:41 - Title Verified Successfully.....
  2022-08-08 13:53:46 INFO  HomePageTest:42 - ****** ending test case ******
  2022-08-08 13:53:46 INFO  HomePageTest:57 - browser is closed
  2022-08-08 13:53:46 INFO  HomePageTest:25 - ****** Starting test cases execution  *******
  2022-08-08 13:53:47 INFO  BaseClass:49 - Lunching Chrome Browser....
  2022-08-08 13:53:47 INFO  BaseClass:66 - Maximizing Browser....
  2022-08-08 13:53:50 INFO  BaseClass:71 - Opening Application URL....
  2022-08-08 13:53:50 INFO  HomePageTest:29 - ************Login the Application**********************
  2022-08-08 13:53:50 INFO  HomePageTest:30 - Open Home Page
  2022-08-08 13:53:50 INFO  HomePageTest:47 - ****** starting test case ******
  2022-08-08 13:53:50 INFO  HomePageTest:48 - ******* verifyUserNameTest ******
  2022-08-08 13:53:50 INFO  HomePageTest:50 - UserName Verified Successfully.....
  2022-08-08 13:53:50 INFO  HomePageTest:51 - ****** ending test case ******
  2022-08-08 13:53:51 INFO  HomePageTest:57 - browser is closed
  2022-08-08 13:53:51 INFO  BaseClass:49 - Lunching Chrome Browser....
  2022-08-08 13:53:51 INFO  BaseClass:66 - Maximizing Browser....
  2022-08-08 13:53:54 INFO  BaseClass:71 - Opening Application URL....
  2022-08-08 13:53:58 INFO  BaseClass:24 - ******** Starting test cases execution  *********
  2022-08-08 13:53:59 INFO  BaseClass:49 - Lunching Chrome Browser....
  2022-08-08 13:53:59 INFO  BaseClass:66 - Maximizing Browser....
  2022-08-08 13:54:03 INFO  BaseClass:71 - Opening Application URL....
  2022-08-08 13:54:03 INFO  BaseClass:24 - ******** Starting test cases execution  *********
  2022-08-08 13:54:04 INFO  BaseClass:49 - Lunching Chrome Browser....
  2022-08-08 13:54:04 INFO  BaseClass:66 - Maximizing Browser....
  2022-08-08 13:54:07 INFO  BaseClass:71 - Opening Application URL....
  2022-08-08 13:54:12 INFO  LoginPageTest:28 - ******** Starting test cases execution  *********
  2022-08-08 13:54:14 INFO  BaseClass:49 - Lunching Chrome Browser....
  2022-08-08 13:54:14 INFO  BaseClass:66 - Maximizing Browser....
  2022-08-08 13:54:18 INFO  BaseClass:71 - Opening Application URL....
  2022-08-08 13:54:24 INFO  LoginPageTest:56 - login successful with username: purabirout444@gmail.com
  2022-08-08 13:54:24 INFO  LoginPageTest:62 - browser is closed
  2022-08-08 13:54:24 INFO  LoginPageTest:28 - ******** Starting test cases execution  *********
  2022-08-08 13:54:25 INFO  BaseClass:49 - Lunching Chrome Browser....
  2022-08-08 13:54:25 INFO  BaseClass:66 - Maximizing Browser....
  2022-08-08 13:54:29 INFO  BaseClass:71 - Opening Application URL....
  2022-08-08 13:54:34 INFO  LoginPageTest:56 - login successful with username: purabirout@1996gmail.com
  2022-08-08 13:54:34 INFO  LoginPageTest:62 - browser is closed
  2022-08-08 13:54:34 INFO  LoginPageTest:28 - ******** Starting test cases execution  *********
  2022-08-08 13:54:35 INFO  BaseClass:49 - Lunching Chrome Browser....
  2022-08-08 13:54:35 INFO  BaseClass:66 - Maximizing Browser....
  2022-08-08 13:54:37 INFO  BaseClass:71 - Opening Application URL....
  2022-08-08 13:54:41 INFO  LoginPageTest:56 - login successful with username: purvi@1451gmail.com
  2022-08-08 13:54:41 INFO  LoginPageTest:62 - browser is closed
  2022-08-08 13:54:41 INFO  LoginPageTest:28 - ******** Starting test cases execution  *********
  2022-08-08 13:54:42 INFO  BaseClass:49 - Lunching Chrome Browser....
  2022-08-08 13:54:42 INFO  BaseClass:66 - Maximizing Browser....
  2022-08-08 13:54:45 INFO  BaseClass:71 - Opening Application URL....
  2022-08-08 13:54:45 INFO  LoginPageTest:62 - browser is closed
  2022-08-08 13:54:45 INFO  LoginPageTest:28 - ******** Starting test cases execution  *********
  2022-08-08 13:54:46 INFO  BaseClass:49 - Lunching Chrome Browser....
  2022-08-08 13:54:46 INFO  BaseClass:66 - Maximizing Browser....
  2022-08-08 13:54:48 INFO  BaseClass:71 - Opening Application URL....
  2022-08-08 13:54:49 INFO  LoginPageTest:43 - login successful with username and Password
  2022-08-08 13:54:50 INFO  LoginPageTest:62 - browser is closed
  2022-08-08 13:54:50 INFO  BaseClass:25 - ******** Starting test cases execution  *********
  2022-08-08 13:54:51 INFO  BaseClass:49 - Lunching Chrome Browser....
  2022-08-08 13:54:51 INFO  BaseClass:66 - Maximizing Browser....
  2022-08-08 13:54:53 INFO  BaseClass:71 - Opening Application URL....
  2022-08-08 13:54:53 INFO  BaseClass:45 - browser is closed
  2022-08-08 13:54:54 INFO  BaseClass:25 - ******** Starting test cases execution  *********
  2022-08-08 13:54:54 INFO  BaseClass:49 - Lunching Chrome Browser....
  2022-08-08 13:54:54 INFO  BaseClass:66 - Maximizing Browser....
  2022-08-08 13:54:58 INFO  BaseClass:71 - Opening Application URL....
  2022-08-08 13:54:59 INFO  BaseClass:45 - browser is closed
  